mar 24, 2024 1:06:23 A. M. VentanaPrincipal <init>
INFO: Se abrió la aplicación
mar 24, 2024 1:06:26 A. M. VentanaPrincipal leerArchivo
INFO: Se abrió el selector de archivos
mar 24, 2024 1:06:27 A. M. VentanaPrincipal leerArchivo
INFO: Se importaron correctamente las palabras del archivo
mar 24, 2024 1:06:43 A. M. VentanaPrincipal ordenarPalabras
INFO: Se han ordenado las palabras correctamente
mar 24, 2024 1:06:43 A. M. VentanaPrincipal ordenarPalabras
INFO: Se han ordenado las palabras correctamente
mar 24, 2024 1:06:44 A. M. VentanaPrincipal ordenarPalabras
INFO: Se han ordenado las palabras correctamente
mar 24, 2024 1:06:44 A. M. VentanaPrincipal ordenarPalabras
INFO: Se han ordenado las palabras correctamente
mar 24, 2024 1:06:45 A. M. VentanaPrincipal ordenarPalabras
INFO: Se han ordenado las palabras correctamente
mar 24, 2024 1:06:47 A. M. VentanaPrincipal ordenarPalabras
INFO: Se han ordenado las palabras correctamente
mar 24, 2024 1:06:48 A.M. VentanaPrincipal ordenarPalabras
INFO: Se han ordenado las palabras correctamente
mar 24, 2024 1:06:50 A. M. VentanaPrincipal ordenarPalabras
INFO: Se han ordenado las palabras correctamente
mar 24, 2024 5:28:31 P. M. VentanaPrincipal <init>
INFO: Se abrió la aplicación
mar 24, 2024 5:28:45 P. M. VentanaPrincipal leerArchivo
INFO: Se abrió el selector de archivos
mar 24, 2024 5:28:49 P. M. VentanaPrincipal leerArchivo
INFO: Se importaron correctamente las palabras del archivo
mar 24, 2024 5:28:53 P. M. VentanaPrincipal ordenarPalabras
INFO: Se han ordenado las palabras correctamente
